0 info it worked if it ends with ok
1 verbose cli [ 'node', '/usr/local/bin/npm', 'repo' ]
2 info using npm@1.4.28
3 info using node@v0.10.34
4 error Error: no repository
4 error     at getUrlAndOpen (/usr/local/lib/node_modules/npm/lib/repo.js:39:21)
4 error     at /usr/local/lib/node_modules/npm/lib/repo.js:32:7
4 error     at /usr/local/lib/node_modules/npm/node_modules/read-package-json/read-json.js:51:40
4 error     at final (/usr/local/lib/node_modules/npm/node_modules/read-package-json/read-json.js:349:17)
4 error     at then (/usr/local/lib/node_modules/npm/node_modules/read-package-json/read-json.js:126:33)
4 error     at /usr/local/lib/node_modules/npm/node_modules/read-package-json/read-json.js:331:40
4 error     at evalmachine.<anonymous>:272:14
4 error     at /usr/local/lib/node_modules/npm/node_modules/graceful-fs/graceful-fs.js:102:5
4 error     at Object.oncomplete (evalmachine.<anonymous>:108:15)
5 error If you need help, you may report this *entire* log,
5 error including the npm and node versions, at:
5 error     <http://github.com/npm/npm/issues>
6 error System Darwin 14.0.0
7 error command "node" "/usr/local/bin/npm" "repo"
8 error cwd /Users/samm/Documents/dev/pony
9 error node -v v0.10.34
10 error npm -v 1.4.28
11 verbose exit [ 1, true ]
